This is pdfTeX, Version 3.1415926-2.5-1.40.14 (TeX Live 2013/Debian) (format=latex 2015.1.14)  29 JAN 2015 14:35
entering extended mode
 restricted \write18 enabled.
 %&-line parsing enabled.
**naaclhlt2015_qcri_semeval3.tex
(./naaclhlt2015_qcri_semeval3.tex
LaTeX2e <2011/06/27>
Babel <3.9h> and hyphenation patterns for 78 languages loaded.
(/usr/share/texlive/texmf-dist/tex/latex/base/article.cls
Document Class: article 2007/10/19 v1.4h Standard LaTeX document class
(/usr/share/texlive/texmf-dist/tex/latex/base/size11.clo
File: size11.clo 2007/10/19 v1.4h Standard LaTeX file (size option)
)
\c@part=\count79
\c@section=\count80
\c@subsection=\count81
\c@subsubsection=\count82
\c@paragraph=\count83
\c@subparagraph=\count84
\c@figure=\count85
\c@table=\count86
\abovecaptionskip=\skip41
\belowcaptionskip=\skip42
\bibindent=\dimen102
) (./naaclhlt2015.sty
Conference Style for NAACL-HLT 2012 -- released August 30, 2011
\titlebox=\skip43
) (/usr/share/texlive/texmf-dist/tex/latex/psnfss/times.sty
Package: times 2005/04/12 PSNFSS-v9.2a (SPQR) 
)
(/usr/share/texlive/texmf-dist/tex/latex/base/latexsym.sty
Package: latexsym 1998/08/17 v2.2e Standard LaTeX package (lasy symbols)
\symlasy=\mathgroup4
LaTeX Font Info:    Overwriting symbol font `lasy' in version `bold'
(Font)                  U/lasy/m/n --> U/lasy/b/n on input line 47.
)
(/usr/share/texlive/texmf-dist/tex/latex/url/url.sty
\Urlmuskip=\muskip10
Package: url 2013/09/16  ver 3.4  Verb mode for urls, etc.
)
(/usr/share/texlive/texmf-dist/tex/latex/graphics/color.sty
Package: color 2005/11/14 v1.0j Standard LaTeX Color (DPC)

(/usr/share/texlive/texmf-dist/tex/latex/latexconfig/color.cfg
File: color.cfg 2007/01/18 v1.5 color configuration of teTeX/TeXLive
)
Package color Info: Driver file: dvips.def on input line 130.

(/usr/share/texlive/texmf-dist/tex/latex/graphics/dvips.def
File: dvips.def 1999/02/16 v3.0i Driver-dependant file (DPC,SPQR)
)
(/usr/share/texlive/texmf-dist/tex/latex/graphics/dvipsnam.def
File: dvipsnam.def 1999/02/16 v3.0i Driver-dependant file (DPC,SPQR)
))
(/usr/share/texlive/texmf-dist/tex/latex/amsmath/amsmath.sty
Package: amsmath 2013/01/14 v2.14 AMS math features
\@mathmargin=\skip44

For additional information on amsmath, use the `?' option.
(/usr/share/texlive/texmf-dist/tex/latex/amsmath/amstext.sty
Package: amstext 2000/06/29 v2.01

(/usr/share/texlive/texmf-dist/tex/latex/amsmath/amsgen.sty
File: amsgen.sty 1999/11/30 v2.0
\@emptytoks=\toks14
\ex@=\dimen103
))
(/usr/share/texlive/texmf-dist/tex/latex/amsmath/amsbsy.sty
Package: amsbsy 1999/11/29 v1.2d
\pmbraise@=\dimen104
)
(/usr/share/texlive/texmf-dist/tex/latex/amsmath/amsopn.sty
Package: amsopn 1999/12/14 v2.01 operator names
)
\inf@bad=\count87
LaTeX Info: Redefining \frac on input line 210.
\uproot@=\count88
\leftroot@=\count89
LaTeX Info: Redefining \overline on input line 306.
\classnum@=\count90
\DOTSCASE@=\count91
LaTeX Info: Redefining \ldots on input line 378.
LaTeX Info: Redefining \dots on input line 381.
LaTeX Info: Redefining \cdots on input line 466.
\Mathstrutbox@=\box26
\strutbox@=\box27
\big@size=\dimen105
LaTeX Font Info:    Redeclaring font encoding OML on input line 566.
LaTeX Font Info:    Redeclaring font encoding OMS on input line 567.
\macc@depth=\count92
\c@MaxMatrixCols=\count93
\dotsspace@=\muskip11
\c@parentequation=\count94
\dspbrk@lvl=\count95
\tag@help=\toks15
\row@=\count96
\column@=\count97
\maxfields@=\count98
\andhelp@=\toks16
\eqnshift@=\dimen106
\alignsep@=\dimen107
\tagshift@=\dimen108
\tagwidth@=\dimen109
\totwidth@=\dimen110
\lineht@=\dimen111
\@envbody=\toks17
\multlinegap=\skip45
\multlinetaggap=\skip46
\mathdisplay@stack=\toks18
LaTeX Info: Redefining \[ on input line 2665.
LaTeX Info: Redefining \] on input line 2666.
)
(./naaclhlt2015_qcri_semeval3.aux)
\openout1 = `naaclhlt2015_qcri_semeval3.aux'.

LaTeX Font Info:    Checking defaults for OML/cmm/m/it on input line 111.
LaTeX Font Info:    ... okay on input line 111.
LaTeX Font Info:    Checking defaults for T1/cmr/m/n on input line 111.
LaTeX Font Info:    ... okay on input line 111.
LaTeX Font Info:    Checking defaults for OT1/cmr/m/n on input line 111.
LaTeX Font Info:    ... okay on input line 111.
LaTeX Font Info:    Checking defaults for OMS/cmsy/m/n on input line 111.
LaTeX Font Info:    ... okay on input line 111.
LaTeX Font Info:    Checking defaults for OMX/cmex/m/n on input line 111.
LaTeX Font Info:    ... okay on input line 111.
LaTeX Font Info:    Checking defaults for U/cmr/m/n on input line 111.
LaTeX Font Info:    ... okay on input line 111.
LaTeX Font Info:    Try loading font information for OT1+ptm on input line 111.


(/usr/share/texlive/texmf-dist/tex/latex/psnfss/ot1ptm.fd
File: ot1ptm.fd 2001/06/04 font definitions for OT1/ptm.
)
LaTeX Font Info:    Font shape `OT1/ptm/bx/n' in size <14.4> not available
(Font)              Font shape `OT1/ptm/b/n' tried instead on input line 112.
LaTeX Font Info:    Try loading font information for U+lasy on input line 112.

(/usr/share/texlive/texmf-dist/tex/latex/base/ulasy.fd
File: ulasy.fd 1998/08/17 v2.2e LaTeX symbol font definitions
)
LaTeX Font Info:    Font shape `OT1/ptm/bx/n' in size <12> not available
(Font)              Font shape `OT1/ptm/b/n' tried instead on input line 112.
LaTeX Font Info:    Try loading font information for OT1+pcr on input line 112.


(/usr/share/texlive/texmf-dist/tex/latex/psnfss/ot1pcr.fd
File: ot1pcr.fd 2001/06/04 font definitions for OT1/pcr.
)
LaTeX Font Info:    Try loading font information for OMS+pcr on input line 112.


(/usr/share/texlive/texmf-dist/tex/latex/psnfss/omspcr.fd
File: omspcr.fd 
)
LaTeX Font Info:    Font shape `OMS/pcr/m/n' in size <10> not available
(Font)              Font shape `OMS/cmsy/m/n' tried instead on input line 112.

(./naaclhlt2015_qcri_semeval3_intro.tex
Underfull \hbox (badness 1337) in paragraph at lines 13--22
\OT1/ptm/m/n/10.95 tracted from \OT1/ptm/m/it/10.95 Fatwa\OT1/ptm/m/n/10.95 , a
 com-mu-nity ques-tion an-
 []

[1




]) (./naaclhlt2015_qcri_semeval3_approach.tex
LaTeX Font Info:    Font shape `OT1/ptm/bx/n' in size <10.95> not available
(Font)              Font shape `OT1/ptm/b/n' tried instead on input line 19.

Underfull \hbox (badness 1565) in paragraph at lines 27--33
\OML/cmm/m/it/10.95 q$ \OT1/ptm/m/n/10.95 and $\OML/cmm/m/it/10.95 c$\OT1/ptm/m
/n/10.95 , and dif-fer-ent $\OML/cmm/m/it/10.95 sim$ \OT1/ptm/m/n/10.95 func-ti
ons: greedy
 []


Underfull \hbox (badness 10000) in paragraph at lines 48--55
\OT1/ptm/m/n/10.95 where $\OML/cmm/m/it/10.95 idf\OT1/cmr/m/n/10.95 (\OML/cmm/m
/it/10.95 t\OT1/cmr/m/n/10.95 )$ \OT1/ptm/m/n/10.95 is the in-verse doc-u-ment 
fre-
 []


Underfull \hbox (badness 1389) in paragraph at lines 48--55
\OT1/ptm/m/n/10.95 quency (Sparck Jones, 1972) of term $\OML/cmm/m/it/10.95 t$ 
\OT1/ptm/m/n/10.95 in the
 []


Underfull \hbox (badness 3965) in paragraph at lines 83--101
[]\OT1/ptm/m/n/10.95 We ap-ply three ap-proaches to build word-
 []

[2]
LaTeX Font Info:    Try loading font information for OMS+ptm on input line 116.

 (/usr/share/texlive/texmf-dist/tex/latex/psnfss/omsptm.fd
File: omsptm.fd 
)
LaTeX Font Info:    Font shape `OMS/ptm/m/n' in size <10.95> not available
(Font)              Font shape `OMS/cmsy/m/n' tried instead on input line 116.

Underfull \hbox (badness 3428) in paragraph at lines 156--159
[]\OT1/ptm/m/n/10.95 We also tried to model po-ten-tial di-a-logues
 []


Underfull \hbox (badness 10000) in paragraph at lines 210--216
\OT1/ptm/m/n/10.95 Exploring the data, we no-ticed that many
 []


Underfull \hbox (badness 2790) in paragraph at lines 210--216
\OT1/pcr/m/n/10.95 GOOD\OT1/ptm/m/n/10.95 comments sug-gested vis-it-ing a Web 
site
 []


Underfull \hbox (badness 1077) in paragraph at lines 210--216
\OT1/ptm/m/n/10.95 or con-tained an email ad-dress. There-fore, we
 []

[3]
Underfull \hbox (badness 10000) in paragraph at lines 295--295
[][]$\OT1/pcr/m/n/9 http : / / www . umiacs . umd . edu / []saif /
 []


Underfull \hbox (badness 10000) in paragraph at lines 295--295
\OT1/pcr/m/n/9 WebPages / Abstracts / NRC-[]SentimentAnalysis .
 []


Underfull \hbox (badness 2065) in paragraph at lines 312--320
\OT1/pcr/m/n/10.95 BAD\OT1/ptm/m/n/10.95 , \OT1/pcr/m/n/10.95 POTENTIAL\OT1/ptm
/m/n/10.95 , and \OT1/pcr/m/n/10.95 DIALOGUE\OT1/ptm/m/n/10.95 comments.
 []

) (./naaclhlt2015_qcri_semeval3_exp.tex
LaTeX Font Info:    Font shape `OT1/ptm/bx/n' in size <9> not available
(Font)              Font shape `OT1/ptm/b/n' tried instead on input line 21.
 [4]
Underfull \hbox (badness 1178) in paragraph at lines 142--145
\OT1/cmr/m/n/10.95 76\OML/cmm/m/it/10.95 :\OT1/cmr/m/n/10.95 60$ \OT1/ptm/m/n/1
0.95 and $\OT1/cmr/m/n/10.95 76\OML/cmm/m/it/10.95 :\OT1/cmr/m/n/10.95 97$\OT1/
ptm/m/n/10.95 ), par-tic-u-larly when iden-ti-fy-ing
 []


Underfull \hbox (badness 2837) in paragraph at lines 148--156
 \OT1/ptm/b/n/10.95 En-glish A \OT1/ptm/m/n/10.95 For our con-trastive sub-mis-
sion 1,
 []


Underfull \hbox (badness 2057) in paragraph at lines 148--156
\OT1/ptm/m/n/10.95 the same ma-chine learn-ing schema as for the
 []


Underfull \hbox (badness 6396) in paragraph at lines 148--156
\OT1/ptm/m/n/10.95 pri-mary sub-mis-sion is used, but now us-ing
 []

[5]) (./naaclhlt2015_qcri_semeval3_discussion.tex [6])
(./naaclhlt2015_qcri_semeval3.bbl
Underfull \hbox (badness 1057) in paragraph at lines 60--67
[]\OT1/ptm/m/n/10 Tomas Mikolov, Wen-tau Yih, and Ge-of-frey Zweig.
 []

Missing character: There is no Ã in font ptmr7t!
Missing character: There is no ¼ in font ptmr7t!
) [7] (./naaclhlt2015_qcri_semeval3.aux) ) 
Here is how much of TeX's memory you used:
 1451 strings out of 493305
 18683 string characters out of 6139897
 83322 words of memory out of 5000000
 4901 multiletter control sequences out of 15000+600000
 17998 words of font info for 60 fonts, out of 8000000 for 9000
 957 hyphenation exceptions out of 8191
 27i,11n,20p,258b,309s stack positions out of 5000i,500n,10000p,200000b,80000s

Output written on naaclhlt2015_qcri_semeval3.dvi (7 pages, 48664 bytes).
